# JRE version: OpenJDK Runtime Environment (8.0_242-b01) (build 1.8.0_242-release-1644-b01)
# Java VM: OpenJDK 64-Bit Server VM (25.242-b01 mixed mode windows-amd64 compressed oops)
Heap:
 PSYoungGen      total 175616K, used 23185K [0x00000000d5580000, 0x00000000e2280000, 0x0000000100000000)
  eden space 163840K, 6% used [0x00000000d5580000,0x00000000d60aa2d0,0x00000000df580000)
  from space 11776K, 99% used [0x00000000e0b80000,0x00000000e16fa1f0,0x00000000e1700000)
  to   space 8192K, 0% used [0x00000000e1a80000,0x00000000e1a80000,0x00000000e2280000)
 ParOldGen       total 138752K, used 27741K [0x0000000080000000, 0x0000000088780000, 0x00000000d5580000)
  object space 138752K, 19% used [0x0000000080000000,0x0000000081b17470,0x0000000088780000)
 Metaspace       used 53098K, capacity 55244K, committed 55592K, reserved 1097728K
  class space    used 7165K, capacity 7632K, committed 7728K, reserved 1048576K
GC Heap History (10 events):
Event: 3.971 GC heap before
{Heap before GC invocations=7 (full 1):
 PSYoungGen      total 76288K, used 74257K [0x00000000d5580000, 0x00000000dda00000, 0x0000000100000000)
  eden space 65536K, 100% used [0x00000000d5580000,0x00000000d9580000,0x00000000d9580000)
  from space 10752K, 81% used [0x00000000d9580000,0x00000000d9e045a8,0x00000000da000000)
  to   space 12288K, 0% used [0x00000000dce00000,0x00000000dce00000,0x00000000dda00000)
 ParOldGen       total 91648K, used 7066K [0x0000000080000000, 0x0000000085980000, 0x00000000d5580000)
  object space 91648K, 7% used [0x0000000080000000,0x00000000806e69c0,0x0000000085980000)
 Metaspace       used 32976K, capacity 34032K, committed 34352K, reserved 1079296K
  class space    used 4520K, capacity 4789K, committed 4912K, reserved 1048576K
Event: 3.977 GC heap after
Heap after GC invocations=7 (full 1):
 PSYoungGen      total 120320K, used 9503K [0x00000000d5580000, 0x00000000dd880000, 0x0000000100000000)
  eden space 109568K, 0% used [0x00000000d5580000,0x00000000d5580000,0x00000000dc080000)
  from space 10752K, 88% used [0x00000000dce00000,0x00000000dd747e00,0x00000000dd880000)
  to   space 12288K, 0% used [0x00000000dc080000,0x00000000dc080000,0x00000000dcc80000)
 ParOldGen       total 91648K, used 7074K [0x0000000080000000, 0x0000000085980000, 0x00000000d5580000)
  object space 91648K, 7% used [0x0000000080000000,0x00000000806e89c0,0x0000000085980000)
 Metaspace       used 32976K, capacity 34032K, committed 34352K, reserved 1079296K
  class space    used 4520K, capacity 4789K, committed 4912K, reserved 1048576K
}
Event: 4.130 GC heap before
{Heap before GC invocations=8 (full 1):
 PSYoungGen      total 120320K, used 37074K [0x00000000d5580000, 0x00000000dd880000, 0x0000000100000000)
  eden space 109568K, 25% used [0x00000000d5580000,0x00000000d706caf0,0x00000000dc080000)
  from space 10752K, 88% used [0x00000000dce00000,0x00000000dd747e00,0x00000000dd880000)
  to   space 12288K, 0% used [0x00000000dc080000,0x00000000dc080000,0x00000000dcc80000)
 ParOldGen       total 91648K, used 7074K [0x0000000080000000, 0x0000000085980000, 0x00000000d5580000)
  object space 91648K, 7% used [0x0000000080000000,0x00000000806e89c0,0x0000000085980000)
 Metaspace       used 34318K, capacity 35408K, committed 35496K, reserved 1079296K
  class space    used 4732K, capacity 5003K, committed 5040K, reserved 1048576K
Event: 4.138 GC heap after
Heap after GC invocations=8 (full 1):
 PSYoungGen      total 121856K, used 8052K [0x00000000d5580000, 0x00000000e2600000, 0x0000000100000000)
  eden space 109568K, 0% used [0x00000000d5580000,0x00000000d5580000,0x00000000dc080000)
  from space 12288K, 65% used [0x00000000dc080000,0x00000000dc85d290,0x00000000dcc80000)
  to   space 11776K, 0% used [0x00000000e1a80000,0x00000000e1a80000,0x00000000e2600000)
 ParOldGen       total 91648K, used 7082K [0x0000000080000000, 0x0000000085980000, 0x00000000d5580000)
  object space 91648K, 7% used [0x0000000080000000,0x00000000806ea9c0,0x0000000085980000)
 Metaspace       used 34318K, capacity 35408K, committed 35496K, reserved 1079296K
  class space    used 4732K, capacity 5003K, committed 5040K, reserved 1048576K
}
Event: 4.138 GC heap before
{Heap before GC invocations=9 (full 2):
 PSYoungGen      total 121856K, used 8052K [0x00000000d5580000, 0x00000000e2600000, 0x0000000100000000)
  eden space 109568K, 0% used [0x00000000d5580000,0x00000000d5580000,0x00000000dc080000)
  from space 12288K, 65% used [0x00000000dc080000,0x00000000dc85d290,0x00000000dcc80000)
  to   space 11776K, 0% used [0x00000000e1a80000,0x00000000e1a80000,0x00000000e2600000)
 ParOldGen       total 91648K, used 7082K [0x0000000080000000, 0x0000000085980000, 0x00000000d5580000)
  object space 91648K, 7% used [0x0000000080000000,0x00000000806ea9c0,0x0000000085980000)
 Metaspace       used 34318K, capacity 35408K, committed 35496K, reserved 1079296K
  class space    used 4732K, capacity 5003K, committed 5040K, reserved 1048576K
Event: 4.180 GC heap after
Heap after GC invocations=9 (full 2):
 PSYoungGen      total 121856K, used 0K [0x00000000d5580000, 0x00000000e2600000, 0x0000000100000000)
  eden space 109568K, 0% used [0x00000000d5580000,0x00000000d5580000,0x00000000dc080000)
  from space 12288K, 0% used [0x00000000dc080000,0x00000000dc080000,0x00000000dcc80000)
  to   space 11776K, 0% used [0x00000000e1a80000,0x00000000e1a80000,0x00000000e2600000)
 ParOldGen       total 138752K, used 14468K [0x0000000080000000, 0x0000000088780000, 0x00000000d5580000)
  object space 138752K, 10% used [0x0000000080000000,0x0000000080e210f8,0x0000000088780000)
 Metaspace       used 34318K, capacity 35408K, committed 35496K, reserved 1079296K
  class space    used 4732K, capacity 5003K, committed 5040K, reserved 1048576K
}
Event: 4.791 GC heap before
{Heap before GC invocations=10 (full 2):
 PSYoungGen      total 121856K, used 109568K [0x00000000d5580000, 0x00000000e2600000, 0x0000000100000000)
  eden space 109568K, 100% used [0x00000000d5580000,0x00000000dc080000,0x00000000dc080000)
  from space 12288K, 0% used [0x00000000dc080000,0x00000000dc080000,0x00000000dcc80000)
  to   space 11776K, 0% used [0x00000000e1a80000,0x00000000e1a80000,0x00000000e2600000)
 ParOldGen       total 138752K, used 14468K [0x0000000080000000, 0x0000000088780000, 0x00000000d5580000)
  object space 138752K, 10% used [0x0000000080000000,0x0000000080e210f8,0x0000000088780000)
 Metaspace       used 37609K, capacity 39302K, committed 39464K, reserved 1083392K
  class space    used 5206K, capacity 5585K, committed 5680K, reserved 1048576K
Event: 4.800 GC heap after
Heap after GC invocations=10 (full 2):
 PSYoungGen      total 172032K, used 7867K [0x00000000d5580000, 0x00000000e2280000, 0x0000000100000000)
  eden space 163840K, 0% used [0x00000000d5580000,0x00000000d5580000,0x00000000df580000)
  from space 8192K, 96% used [0x00000000e1a80000,0x00000000e222ed18,0x00000000e2280000)
  to   space 11776K, 0% used [0x00000000e0b80000,0x00000000e0b80000,0x00000000e1700000)
 ParOldGen       total 138752K, used 14476K [0x0000000080000000, 0x0000000088780000, 0x00000000d5580000)
  object space 138752K, 10% used [0x0000000080000000,0x0000000080e230f8,0x0000000088780000)
 Metaspace       used 37609K, capacity 39302K, committed 39464K, reserved 1083392K
  class space    used 5206K, capacity 5585K, committed 5680K, reserved 1048576K
}
Event: 6.078 GC heap before
{Heap before GC invocations=11 (full 2):
 PSYoungGen      total 172032K, used 171707K [0x00000000d5580000, 0x00000000e2280000, 0x0000000100000000)
  eden space 163840K, 100% used [0x00000000d5580000,0x00000000df580000,0x00000000df580000)
  from space 8192K, 96% used [0x00000000e1a80000,0x00000000e222ed18,0x00000000e2280000)
  to   space 11776K, 0% used [0x00000000e0b80000,0x00000000e0b80000,0x00000000e1700000)
 ParOldGen       total 138752K, used 14476K [0x0000000080000000, 0x0000000088780000, 0x00000000d5580000)
  object space 138752K, 10% used [0x0000000080000000,0x0000000080e230f8,0x0000000088780000)
 Metaspace       used 51806K, capacity 53876K, committed 54056K, reserved 1095680K
  class space    used 6951K, capacity 7400K, committed 7472K, reserved 1048576K
Event: 6.095 GC heap after
Heap after GC invocations=11 (full 2):
 PSYoungGen      total 175616K, used 11752K [0x00000000d5580000, 0x00000000e2280000, 0x0000000100000000)
  eden space 163840K, 0% used [0x00000000d5580000,0x00000000d5580000,0x00000000df580000)
  from space 11776K, 99% used [0x00000000e0b80000,0x00000000e16fa1f0,0x00000000e1700000)
  to   space 8192K, 0% used [0x00000000e1a80000,0x00000000e1a80000,0x00000000e2280000)
 ParOldGen       total 138752K, used 27741K [0x0000000080000000, 0x0000000088780000, 0x00000000d5580000)
  object space 138752K, 19% used [0x0000000080000000,0x0000000081b17470,0x0000000088780000)
 Metaspace       used 51806K, capacity 53876K, committed 54056K, reserved 1095680K
  class space    used 6951K, capacity 7400K, committed 7472K, reserved 1048576K
}

